<?xml version="1.0"?>
<project 
  name="org.ant4eclipse.build"
  basedir=".."
  default="tests.ant4eclipse"
>

  <!-- ~~~~~~~~~~~~~~~~~~~~~~~~~~~~~~~~~~~~~~~~~~~~~~~~~~~~~~~~~~~~~~~~~~~~~~~~~~~~~~~~~~~~~~~ -->
  <!-- PROPERTIES                                                                              -->
  <!-- ~~~~~~~~~~~~~~~~~~~~~~~~~~~~~~~~~~~~~~~~~~~~~~~~~~~~~~~~~~~~~~~~~~~~~~~~~~~~~~~~~~~~~~~ -->

  <dirname  file="${ant.file.org.ant4eclipse.build}"  property="dir.a4e.build"/>
  <basename file="${ant.file.org.ant4eclipse.build}"  property="file.a4e.build"/>

  <property file="${configfile}" />
  <property file="${basedir}/${ant.project.name}/${user.name}-build.properties"/>
  <property file="${basedir}/${ant.project.name}/default-build.properties"/>

  <property environment="env"/>

  <!-- ~~~~~~~~~~~~~~~~~~~~~~~~~~~~~~~~~~~~~~~~~~~~~~~~~~~~~~~~~~~~~~~~~~~~~~~~~~~~~~~~~~~~~~~ -->
  <!-- PATH DEFINITIONS                                                                        -->
  <!-- ~~~~~~~~~~~~~~~~~~~~~~~~~~~~~~~~~~~~~~~~~~~~~~~~~~~~~~~~~~~~~~~~~~~~~~~~~~~~~~~~~~~~~~~ -->
  
  <path id="path.cobertura">
    <fileset dir="${dir.a4e.build}/libs/cobertura-1.9.2" includes="**/*.jar"/>
  </path>

  <path id="path.antcontrib">
    <fileset dir="${dir.a4e.build}/libs" includes="ant-contrib*.jar" />
  </path>
  
  <!-- ~~~~~~~~~~~~~~~~~~~~~~~~~~~~~~~~~~~~~~~~~~~~~~~~~~~~~~~~~~~~~~~~~~~~~~~~~~~~~~~~~~~~~~~ -->
  <!-- TASK DEFINITIONS                                                                        -->
  <!-- ~~~~~~~~~~~~~~~~~~~~~~~~~~~~~~~~~~~~~~~~~~~~~~~~~~~~~~~~~~~~~~~~~~~~~~~~~~~~~~~~~~~~~~~ -->
  
  <taskdef classpathref="path.cobertura"  resource="tasks.properties"/>
  <taskdef classpathref="path.antcontrib" resource="net/sf/antcontrib/antlib.xml" />


  <!-- ~~~~~~~~~~~~~~~~~~~~~~~~~~~~~~~~~~~~~~~~~~~~~~~~~~~~~~~~~~~~~~~~~~~~~~~~~~~~~~~~~~~~~~~ -->
  <!-- MACRO DEFINITIONS                                                                       -->
  <!-- ~~~~~~~~~~~~~~~~~~~~~~~~~~~~~~~~~~~~~~~~~~~~~~~~~~~~~~~~~~~~~~~~~~~~~~~~~~~~~~~~~~~~~~~ -->

  <!-- ~~~ PUBLIC ~~~~~~~~~~~~~~~~~~~~~~~~~~~~~~~~~~~~~~~~~~~~~~~~~~~~~~~~~~~~~~~~~~~~~~~~~~~~ -->
  <!-- Performs an instrumentation on a jar file.                                              -->
  <!--                                                                                         -->
  <!-- @param jarfile    The jar file that has to be instrumented.                             -->
  <!-- @param datafile   The data file used for the coverage process.                          -->
  <!-- ~~~~~~~~~~~~~~~~~~~~~~~~~~~~~~~~~~~~~~~~~~~~~~~~~~~~~~~~~~~~~~~~~~~~~~~~~~~~~~~~~~~~~~~ -->
  <macrodef name="cobertura-instrumentation">
    <attribute name="jarfile"/>
    <attribute name="datafile"/>
    <sequential>
      <echo level="verbose" message="#cobertura-instrumentation( jarfile = '@{jarfile}', datafile = '@{datafile}' )"/>
      <dirname  file="@{jarfile}" property="ci_dir"/>
      <basename file="@{jarfile}" property="ci_name"/>
      <cobertura-instrument datafile="@{datafile}">
        <ignore regex="org.apache.*"/>
        <fileset dir="${ci_dir}" includes="${ci_name}"/>
      </cobertura-instrument>
      <var unset="true" name="ci_dir"/>
      <var unset="true" name="ci_name"/>
    </sequential>
  </macrodef>

  <macrodef name="pickup-a4e">
    <attribute name="dest"/>
    <attribute name="datafile"/>
    <sequential>
      
      <!-- unpack the a4e distribution we're using for the tests -->
      <mkdir dir="@{dest}/testcode"/>
      
      <unzip src="${destination}/org.ant4eclipse.zip" dest="@{dest}"/>
      
      <!-- now declare ant-contrib based upon the release we have bundled -->
      <path id="path.antcontrib">
        <fileset dir="@{dest}/libs" includes="ant-contrib*.jar"/>
      </path>
      <taskdef classpathref="path.antcontrib"  resource="net/sf/antcontrib/antlib.xml" />
      
      <!-- instrument our a4e release version (ant + lib) using cobertura -->
      <cobertura-instrumentation jarfile="@{dest}/org.ant4eclipse_${revision}.jar" datafile="@{datafile}"/>
      
      <!-- we also need the testcode for the execution -->
      <for param="zip">
        <fileset dir="${destination}" includes="**/*-test.jar"/>
        <sequential>
          <unzip src="@{zip}" dest="@{dest}/testcode"/>
        </sequential>
      </for>

      <!-- now declare the ant4eclipse tasks based upon our release -->
      <path id="path.ant4eclipse">
        <fileset dir="${basedir}/org.ant4eclipse.external/libs/junit" includes="junit-*.jar"/>
        <fileset dir="${basedir}/org.ant4eclipse.external/libs/ant-antunit" includes="*.jar"/>
        <fileset dir="${basedir}/org.ant4eclipse.external/libs/equinox" includes="*.jar"/>
        <path refid="path.cobertura" />
        <path location="@{dest}/org.ant4eclipse_${revision}.jar"/>
        <path path="@{dest}/testcode"/>
      </path>
      
      <taskdef classpathref="path.ant4eclipse" resource="org/ant4eclipse/antlib.xml" />

      <property refid="path.cobertura" name="coberturapath"/>
      
    </sequential>
  </macrodef>
  
  <!-- ~~~ PUBLIC ~~~~~~~~~~~~~~~~~~~~~~~~~~~~~~~~~~~~~~~~~~~~~~~~~~~~~~~~~~~~~~~~~~~~~~~~~~~~ -->
  <!-- Deletes a directory only in case it does exist.                                         -->
  <!--                                                                                         -->
  <!-- @param dir        The directory to be deleted.                                          -->
  <!-- @param recreate   true <=> Create the directory after deletion has been finished.       -->
  <!--                   (Default: false)                                                      -->
  <!-- ~~~~~~~~~~~~~~~~~~~~~~~~~~~~~~~~~~~~~~~~~~~~~~~~~~~~~~~~~~~~~~~~~~~~~~~~~~~~~~~~~~~~~~~ -->
  <macrodef name="delete-dir">
    <attribute name="dir"/>
    <attribute name="recreate" default="false"/>
    <sequential>
      <if>
        <available file="@{dir}"/>
        <then>
          <if>
            <available file="@{dir}" type="dir"/>
            <then>
              <delete includeemptydirs="true" failonerror="true">
                <fileset dir="@{dir}" includes="**/*"/>
              </delete>
              <delete dir="@{dir}" failonerror="true"/>
            </then>
            <else>
              <fail message="the resource '@{dir}' does not denote a regular directory."/>
            </else>
          </if>
        </then>
      </if>
      <if>
        <istrue value="@{recreate}"/>
        <then>
          <mkdir dir="@{dir}"/>
        </then>
      </if>
    </sequential>
  </macrodef>

  <!-- ~~~ PUBLIC ~~~~~~~~~~~~~~~~~~~~~~~~~~~~~~~~~~~~~~~~~~~~~~~~~~~~~~~~~~~~~~~~~~~~~~~~~~~~ -->
  <!-- Generates cobertura reports from recorded coverage data. The datafile is not allowed    -->
  <!-- to be located within one of the directories '@{htmldir}' or '@{xmldir}'.                -->
  <!--                                                                                         -->
  <!-- @param datafile     The file containing the recorded coverage information.              -->
  <!-- @param sourcesdir   A directory containing the used java sources.                       -->
  <!-- @param htmldir      The directory where the html code shall be written to if wanted.    -->
  <!--                     (Default: '')                                                       -->
  <!-- @param xmldir       The directory where the xml code shall be written to if wanted.     -->
  <!--                     (Default: '')                                                       -->
  <!-- ~~~~~~~~~~~~~~~~~~~~~~~~~~~~~~~~~~~~~~~~~~~~~~~~~~~~~~~~~~~~~~~~~~~~~~~~~~~~~~~~~~~~~~~ -->
  <macrodef name="cobertura-reporting">
    <attribute name="datafile"/>
    <attribute name="sourcesdir"/>
    <attribute name="htmldir" default=""/>
    <attribute name="xmldir"  default=""/>
    <sequential>
      <if>
        <not><equals arg1="@{htmldir}" arg2=""/></not>
        <then>
          <delete-dir dir="@{htmldir}" recreate="true"/>
          <cobertura-report destdir="@{htmldir}" datafile="@{datafile}" format="html">
            <fileset dir="@{sourcesdir}">
              <include name="**/*.java"/>
            </fileset>
          </cobertura-report>
        </then>
      </if>
      <if>
        <not><equals arg1="@{xmldir}" arg2=""/></not>
        <then>
          <delete-dir dir="@{xmldir}" recreate="true"/>
          <cobertura-report destdir="@{xmldir}" datafile="@{datafile}" format="xml">
            <fileset dir="@{sourcesdir}">
              <include name="**/*.java"/>
            </fileset>
          </cobertura-report>
        </then>
      </if>
    </sequential>
  </macrodef>

  <!-- ~~~~~~~~~~~~~~~~~~~~~~~~~~~~~~~~~~~~~~~~~~~~~~~~~~~~~~~~~~~~~~~~~~~~~~~~~~~~~~~~~~~~~~~ -->
  <!-- TARGET DEFINITIONS                                                                      -->
  <!-- ~~~~~~~~~~~~~~~~~~~~~~~~~~~~~~~~~~~~~~~~~~~~~~~~~~~~~~~~~~~~~~~~~~~~~~~~~~~~~~~~~~~~~~~ -->

  <target name="init">
    
    <property name="dest.reports"     value="${testing}/reports"/>
    <property name="dest.cobertura"   value="${testing}/cobertura"/>
    
    <!-- identify the current revision (or local build) -->
    <if>
      <not>
        <isset property="revision" />
      </not>
      <then>
        <if>
          <equals arg1="${env.BUILD_NUMBER}" arg2="$${env.BUILD_NUMBER}" />
          <then>
            <var name="revision" value="local-revision" />
          </then>
          <else>
            <var name="revision" value="${env.BUILD_NUMBER}" />
          </else>
        </if>
      </then>
    </if>
    
  </target>
  
  <target name="clean" depends="init">
    <delete includeemptydirs="true" failonerror="false">
      <fileset dir="${testing}" includes="**/*"/>
    </delete>
  </target>
  
  <target name="copy.sources">
    <copy todir="${dest.cobertura}/sources">
      <jdtProjectFileSet workspaceDirectory="${basedir}" projectname="${executeProjectSet.project.name}"
        includeOutputFolders="false" includeSourceFolders="true"/>
    </copy>
  </target>
  
  <target name="prepare" depends="clean">

    <mkdir dir="${dest.cobertura}/sources"/>
    
    <pickup-a4e dest="${testing}/distribution" datafile="${dest.cobertura}/cobertura.data"/>
    
    <executeProjectSet 
      workspaceDirectory="${basedir}"
      teamprojectset="${teamprojectset}"
      projectReferenceTypes="jdt"
    >
      <forEachProject filter="(!(executeProjectSet.project.name=*.test))">
        <ant antfile="${ant.project.name}/${file.a4e.build}" target="copy.sources"/>
      </forEachProject>
    </executeProjectSet>

    <executeProjectSet 
      workspaceDirectory="${basedir}"
      teamprojectset="${teamprojectsetlib}"
      projectReferenceTypes="jdt"
    >
      <forEachProject filter="(!(executeProjectSet.project.name=*.test))">
        <ant antfile="${ant.project.name}/${file.a4e.build}" target="copy.sources"/>
      </forEachProject>
    </executeProjectSet>

    <!-- identify the current revision (or local build) -->
    <if>
      <equals arg1="${env.SVN_REVISION}" arg2="$${env.SVN_REVISION}"/>
      <then>
        <var name="revision" value="local-revision"/> 
      </then>
      <else>
        <var name="revision" value="${env.SVN_REVISION}"/> 
      </else>
    </if>
    
    <mkdir dir="${dest.reports}"/>
    
  </target>

  <target name="test.project">
    <executeJdtProject 
      workspaceDirectory="${basedir}"
      projectname="${executeProjectSet.project.name}"
    >
      <forEachSourceDirectory>

        <echo>Testing project ${executeProjectSet.project.name} ...</echo>
        <echo>  - source directories  -> ${executeJdtProject.source.directories}</echo>
        <echo>  - output directory    -> ${executeJdtProject.default.output.directory}</echo>
        <echo>  - bootclasspath       -> ${executeJdtProject.boot.classpath}</echo>
        <echo>  - classpath           -> ${executeJdtProject.classpath.absolute.compiletime}</echo>
        <echo>  - classpath (runtime) -> ${executeJdtProject.classpath.absolute.runtime}</echo>

        <property name="reports" value="${dest.reports}/${executeProjectSet.project.name}" />
        <mkdir dir="${reports}" />
        <junit dir="${basedir}/${executeProjectSet.project.name}" fork="yes">
          <jvmarg line="-Dnet.sourceforge.cobertura.datafile=${dest.cobertura}/cobertura.data"/>
          <jvmarg line="-Dfile.encoding=UTF-8"/>
          <jvmarg line="-Dclover.path=${coberturapath}"/>
          <classpath>
            <path refid="path.ant4eclipse"/>
            <path refid="executeJdtProject.classpath.absolute.runtime.path"/>
          </classpath>
          <formatter type="xml" />
          <batchtest todir="${reports}">
            <fileset dir="${executeJdtProject.source.directory}">
              <include name="**/Utilities*Test.java" />
            </fileset>
          </batchtest>
        </junit>
      </forEachSourceDirectory>
    </executeJdtProject>
    
  </target>
  
  <target name="test.library" depends="prepare">
    
    <echo>Testing A4E library ...</echo>
    
    <!-- Step 1: iterate over the project set and build each project -->
    <executeProjectSet 
      workspaceDirectory="${basedir}"
      teamprojectset="${teamprojectsetlib}"
      projectReferenceTypes="jdt"
    >

      <!-- build all test projects contained in the project set 
           and execute their test classes -->
      <forEachProject filter="(executeProjectSet.project.name=*.test)">
        <ant antfile="${ant.project.name}/${file.a4e.build}" target="test.project" inheritrefs="true" />
      </forEachProject>
      
    </executeProjectSet>
  
  </target>
  
  <target name="test.ant" depends="prepare">
    
    <echo>Testing A4E Ant tasks ...</echo>
    
    <!-- Step 1: iterate over the project set and build each project -->
    <executeProjectSet 
      workspaceDirectory="${basedir}"
      teamprojectset="${teamprojectset}"
      projectReferenceTypes="jdt"
    >

      <!-- build all test projects contained in the project set 
           and execute their test classes -->
      <forEachProject filter="(executeProjectSet.project.name=*.test)">
        <ant antfile="${ant.project.name}/${file.a4e.build}" target="test.project" inheritrefs="true" />
      </forEachProject>
      
    </executeProjectSet>

  </target>
  
  <target name="tests.ant4eclipse" depends="test.library,test.ant">
    <delete-dir dir="${dest.reports}/html" recreate="true"/>
    <junitreport todir="${dest.reports}/html">
      <fileset dir="${dest.reports}">
        <include name="**/TEST-*.xml"/>
      </fileset>
      <report format="frames" todir="${dest.reports}/html"/>
    </junitreport>
    <mkdir dir="${dest.cobertura}/html"/>
    <mkdir dir="${dest.cobertura}/xml"/>
    <cobertura-reporting
      sourcesdir="${dest.cobertura}/sources"
      htmldir="${dest.cobertura}/html"
      xmldir="${dest.cobertura}/xml"
      datafile="${dest.cobertura}/cobertura.data"
    />
    <echo>Done</echo>
  </target>
  
</project>